0 info it worked if it ends with ok
1 verbose cli [ '/usr/local/bin/node', '/usr/local/bin/npm', 'run', 'lint:fix' ]
2 info using npm@3.10.10
3 info using node@v6.11.0
4 verbose run-script [ 'prelint:fix', 'lint:fix', 'postlint:fix' ]
5 info lifecycle im@1.0.0~prelint:fix: im@1.0.0
6 silly lifecycle im@1.0.0~prelint:fix: no script for prelint:fix, continuing
7 info lifecycle im@1.0.0~lint:fix: im@1.0.0
8 verbose lifecycle im@1.0.0~lint:fix: unsafe-perm in lifecycle true
9 verbose lifecycle im@1.0.0~lint:fix: PATH: /usr/local/lib/node_modules/npm/bin/node-gyp-bin:/Users/steven/im/node_modules/.bin:/usr/local/bin:/usr/bin:/bin:/usr/sbin:/sbin:/opt/X11/bin:/Applications/Wireshark.app/Contents/MacOS
10 verbose lifecycle im@1.0.0~lint:fix: CWD: /Users/steven/im
11 silly lifecycle im@1.0.0~lint:fix: Args: [ '-c', 'eslint --fix --ignore-path .gitignore src' ]
12 silly lifecycle im@1.0.0~lint:fix: Returned: code: 1  signal: null
13 info lifecycle im@1.0.0~lint:fix: Failed to exec lint:fix script
14 verbose stack Error: im@1.0.0 lint:fix: `eslint --fix --ignore-path .gitignore src`
14 verbose stack Exit status 1
14 verbose stack     at EventEmitter.<anonymous> (/usr/local/lib/node_modules/npm/lib/utils/lifecycle.js:255:16)
14 verbose stack     at emitTwo (events.js:106:13)
14 verbose stack     at EventEmitter.emit (events.js:191:7)
14 verbose stack     at ChildProcess.<anonymous> (/usr/local/lib/node_modules/npm/lib/utils/spawn.js:40:14)
14 verbose stack     at emitTwo (events.js:106:13)
14 verbose stack     at ChildProcess.emit (events.js:191:7)
14 verbose stack     at maybeClose (internal/child_process.js:891:16)
14 verbose stack     at Process.ChildProcess._handle.onexit (internal/child_process.js:226:5)
15 verbose pkgid im@1.0.0
16 verbose cwd /Users/steven/im
17 error Darwin 16.0.0
18 error argv "/usr/local/bin/node" "/usr/local/bin/npm" "run" "lint:fix"
19 error node v6.11.0
20 error npm  v3.10.10
21 error code ELIFECYCLE
22 error im@1.0.0 lint:fix: `eslint --fix --ignore-path .gitignore src`
22 error Exit status 1
23 error Failed at the im@1.0.0 lint:fix script 'eslint --fix --ignore-path .gitignore src'.
23 error Make sure you have the latest version of node.js and npm installed.
23 error If you do, this is most likely a problem with the im package,
23 error not with npm itself.
23 error Tell the author that this fails on your system:
23 error     eslint --fix --ignore-path .gitignore src
23 error You can get information on how to open an issue for this project with:
23 error     npm bugs im
23 error Or if that isn't available, you can get their info via:
23 error     npm owner ls im
23 error There is likely additional logging output above.
24 verbose exit [ 1, true ]
